D:\DROPBOX\PROJECTS\AADS\HUFFMANCODER\HUFFMANCODER\DEBUG\HUFFMANCODER.OBJ
D:\DROPBOX\PROJECTS\AADS\HUFFMANCODER\HUFFMANCODER\DEBUG\MAIN.OBJ
D:\DROPBOX\PROJECTS\AADS\HUFFMANCODER\HUFFMANCODER\DEBUG\VC110.PDB
D:\DROPBOX\PROJECTS\AADS\HUFFMANCODER\DEBUG\HUFFMANCODER.ILK
D:\DROPBOX\PROJECTS\AADS\HUFFMANCODER\DEBUG\HUFFMANCODER.EXE
D:\DROPBOX\PROJECTS\AADS\HUFFMANCODER\DEBUG\HUFFMANCODER.PDB
D:\Dropbox\Projects\AADS\HuffmanCoder\HuffmanCoder\Debug\HuffmanCoder.obj
D:\Dropbox\Projects\AADS\HuffmanCoder\HuffmanCoder\Debug\main.obj
D:\Dropbox\Projects\AADS\HuffmanCoder\HuffmanCoder\Debug\cl.command.1.tlog
D:\Dropbox\Projects\AADS\HuffmanCoder\HuffmanCoder\Debug\CL.read.1.tlog
D:\Dropbox\Projects\AADS\HuffmanCoder\HuffmanCoder\Debug\CL.write.1.tlog
D:\Dropbox\Projects\AADS\HuffmanCoder\HuffmanCoder\Debug\link-cvtres.read.1.tlog
D:\Dropbox\Projects\AADS\HuffmanCoder\HuffmanCoder\Debug\link-cvtres.write.1.tlog
D:\Dropbox\Projects\AADS\HuffmanCoder\HuffmanCoder\Debug\link-rc.read.1.tlog
D:\Dropbox\Projects\AADS\HuffmanCoder\HuffmanCoder\Debug\link-rc.write.1.tlog
D:\Dropbox\Projects\AADS\HuffmanCoder\HuffmanCoder\Debug\link.32464-cvtres.read.1.tlog
D:\Dropbox\Projects\AADS\HuffmanCoder\HuffmanCoder\Debug\link.32464-cvtres.write.1.tlog
D:\Dropbox\Projects\AADS\HuffmanCoder\HuffmanCoder\Debug\link.32464-rc.read.1.tlog
D:\Dropbox\Projects\AADS\HuffmanCoder\HuffmanCoder\Debug\link.32464-rc.write.1.tlog
D:\Dropbox\Projects\AADS\HuffmanCoder\HuffmanCoder\Debug\link.32464.read.1.tlog
D:\Dropbox\Projects\AADS\HuffmanCoder\HuffmanCoder\Debug\link.32464.write.1.tlog
D:\Dropbox\Projects\AADS\HuffmanCoder\HuffmanCoder\Debug\link.32652-cvtres.read.1.tlog
D:\Dropbox\Projects\AADS\HuffmanCoder\HuffmanCoder\Debug\link.32652-cvtres.write.1.tlog
D:\Dropbox\Projects\AADS\HuffmanCoder\HuffmanCoder\Debug\link.32652-rc.read.1.tlog
D:\Dropbox\Projects\AADS\HuffmanCoder\HuffmanCoder\Debug\link.32652-rc.write.1.tlog
D:\Dropbox\Projects\AADS\HuffmanCoder\HuffmanCoder\Debug\link.32652.read.1.tlog
D:\Dropbox\Projects\AADS\HuffmanCoder\HuffmanCoder\Debug\link.32652.write.1.tlog
D:\Dropbox\Projects\AADS\HuffmanCoder\HuffmanCoder\Debug\link.45008-cvtres.read.1.tlog
D:\Dropbox\Projects\AADS\HuffmanCoder\HuffmanCoder\Debug\link.45008-cvtres.write.1.tlog
D:\Dropbox\Projects\AADS\HuffmanCoder\HuffmanCoder\Debug\link.45008-rc.read.1.tlog
D:\Dropbox\Projects\AADS\HuffmanCoder\HuffmanCoder\Debug\link.45008-rc.write.1.tlog
D:\Dropbox\Projects\AADS\HuffmanCoder\HuffmanCoder\Debug\link.45008.read.1.tlog
D:\Dropbox\Projects\AADS\HuffmanCoder\HuffmanCoder\Debug\link.45008.write.1.tlog
D:\Dropbox\Projects\AADS\HuffmanCoder\HuffmanCoder\Debug\link.46984-cvtres.read.1.tlog
D:\Dropbox\Projects\AADS\HuffmanCoder\HuffmanCoder\Debug\link.46984-cvtres.write.1.tlog
D:\Dropbox\Projects\AADS\HuffmanCoder\HuffmanCoder\Debug\link.46984-rc.read.1.tlog
D:\Dropbox\Projects\AADS\HuffmanCoder\HuffmanCoder\Debug\link.46984-rc.write.1.tlog
D:\Dropbox\Projects\AADS\HuffmanCoder\HuffmanCoder\Debug\link.46984.read.1.tlog
D:\Dropbox\Projects\AADS\HuffmanCoder\HuffmanCoder\Debug\link.46984.write.1.tlog
D:\Dropbox\Projects\AADS\HuffmanCoder\HuffmanCoder\Debug\link.6856-cvtres.read.1.tlog
D:\Dropbox\Projects\AADS\HuffmanCoder\HuffmanCoder\Debug\link.6856-cvtres.write.1.tlog
D:\Dropbox\Projects\AADS\HuffmanCoder\HuffmanCoder\Debug\link.6856-rc.read.1.tlog
D:\Dropbox\Projects\AADS\HuffmanCoder\HuffmanCoder\Debug\link.6856-rc.write.1.tlog
D:\Dropbox\Projects\AADS\HuffmanCoder\HuffmanCoder\Debug\link.6856.read.1.tlog
D:\Dropbox\Projects\AADS\HuffmanCoder\HuffmanCoder\Debug\link.6856.write.1.tlog
D:\Dropbox\Projects\AADS\HuffmanCoder\HuffmanCoder\Debug\link.command.1.tlog
D:\Dropbox\Projects\AADS\HuffmanCoder\HuffmanCoder\Debug\link.read.1.tlog
D:\Dropbox\Projects\AADS\HuffmanCoder\HuffmanCoder\Debug\link.write.1.tlog
D:\Dropbox\Projects\AADS\HuffmanCoder\HuffmanCoder\Debug\vc110.idb
D:\Dropbox\Projects\AADS\HuffmanCoder\HuffmanCoder\Debug\vc110.pdb
D:\Dropbox\Projects\AADS\HuffmanCoder\Debug\HuffmanCoder.pdb
D:\Dropbox\Projects\AADS\HuffmanCoder\Debug\HuffmanCoder.exe
D:\Dropbox\Projects\AADS\HuffmanCoder\Debug\HuffmanCoder.ilk
